<?xml version="1.0" encoding="UTF-8" ?>
<testsuite tests="3" failures="1" name="test.TestLogIn" time="4.591" errors="0" skipped="2">
  <properties>
[...]
</properties>
  <testcase classname="test.TestLogIn" name="beforeMethod" time="4.59">
    <failure message="session not created: This version of ChromeDriver only supports Chrome version 79
Build info: version: &apos;3.141.59&apos;, revision: &apos;e82be7d358&apos;, time: &apos;2018-11-14T08:17:03&apos;
System info: host: &apos;DESKTOP-LCT8S2H&apos;, ip: &apos;192.168.1.3&apos;, os.name: &apos;Windows 10&apos;, os.arch: &apos;amd64&apos;, os.version: &apos;10.0&apos;, java.version: &apos;1.8.0_221&apos;
Driver info: driver.version: ChromeDriver
remote stacktrace: Backtrace:
	Ordinal0 [0x002D9F93+1548179]
	Ordinal0 [0x0025DC51+1039441]
	Ordinal0 [0x001DE495+517269]
	Ordinal0 [0x0016FD34+64820]
	Ordinal0 [0x0016C61E+50718]
	Ordinal0 [0x0018B797+178071]
	Ordinal0 [0x0018B59D+177565]
	Ordinal0 [0x001895FB+169467]
	Ordinal0 [0x0017160A+71178]
	Ordinal0 [0x00172690+75408]
	Ordinal0 [0x00172629+75305]
	Ordinal0 [0x00277047+1142855]
	GetHandleVerifier [0x00372996+507766]
	GetHandleVerifier [0x003726B4+507028]
	GetHandleVerifier [0x00379D97+537463]
	GetHandleVerifier [0x00373252+510002]
	Ordinal0 [0x0026F12C+1110316]
	Ordinal0 [0x0027921B+1151515]
	Ordinal0 [0x00279383+1151875]
	Ordinal0 [0x00278285+1147525]
	BaseThreadInitThunk [0x74F76359+25]
	RtlGetAppContainerNamedObjectPath [0x77347B74+228]
	RtlGetAppContainerNamedObjectPath [0x77347B44+180]
" type="org.openqa.selenium.SessionNotCreatedException">org.openqa.selenium.SessionNotCreatedException: session not created: This version of ChromeDriver only supports Chrome version 79
Build info: version: &apos;3.141.59&apos;, revision: &apos;e82be7d358&apos;, time: &apos;2018-11-14T08:17:03&apos;
System info: host: &apos;DESKTOP-LCT8S2H&apos;, ip: &apos;192.168.1.3&apos;, os.name: &apos;Windows 10&apos;, os.arch: &apos;amd64&apos;, os.version: &apos;10.0&apos;, java.version: &apos;1.8.0_221&apos;
Driver info: driver.version: ChromeDriver
remote stacktrace: Backtrace:
	Ordinal0 [0x002D9F93+1548179]
	Ordinal0 [0x0025DC51+1039441]
	Ordinal0 [0x001DE495+517269]
	Ordinal0 [0x0016FD34+64820]
	Ordinal0 [0x0016C61E+50718]
	Ordinal0 [0x0018B797+178071]
	Ordinal0 [0x0018B59D+177565]
	Ordinal0 [0x001895FB+169467]
	Ordinal0 [0x0017160A+71178]
	Ordinal0 [0x00172690+75408]
	Ordinal0 [0x00172629+75305]
	Ordinal0 [0x00277047+1142855]
	GetHandleVerifier [0x00372996+507766]
	GetHandleVerifier [0x003726B4+507028]
	GetHandleVerifier [0x00379D97+537463]
	GetHandleVerifier [0x00373252+510002]
	Ordinal0 [0x0026F12C+1110316]
	Ordinal0 [0x0027921B+1151515]
	Ordinal0 [0x00279383+1151875]
	Ordinal0 [0x00278285+1147525]
	BaseThreadInitThunk [0x74F76359+25]
	RtlGetAppContainerNamedObjectPath [0x77347B74+228]
	RtlGetAppContainerNamedObjectPath [0x77347B44+180]

	at sun.reflect.NativeConstructorAccessorImpl.newInstance0(Native Method)
	at sun.reflect.NativeConstructorAccessorImpl.newInstance(NativeConstructorAccessorImpl.java:62)
	at sun.reflect.DelegatingConstructorAccessorImpl.newInstance(DelegatingConstructorAccessorImpl.java:45)
	at java.lang.reflect.Constructor.newInstance(Constructor.java:423)
	at org.openqa.selenium.remote.W3CHandshakeResponse.lambda$errorHandler$0(W3CHandshakeResponse.java:62)
	at org.openqa.selenium.remote.HandshakeResponse.lambda$getResponseFunction$0(HandshakeResponse.java:30)
	at org.openqa.selenium.remote.ProtocolHandshake.lambda$createSession$0(ProtocolHandshake.java:126)
	at java.util.stream.ReferencePipeline$3$1.accept(ReferencePipeline.java:193)
	at java.util.Spliterators$ArraySpliterator.tryAdvance(Spliterators.java:958)
	at java.util.stream.ReferencePipeline.forEachWithCancel(ReferencePipeline.java:126)
	at java.util.stream.AbstractPipeline.copyIntoWithCancel(AbstractPipeline.java:499)
	at java.util.stream.AbstractPipeline.copyInto(AbstractPipeline.java:486)
	at java.util.stream.AbstractPipeline.wrapAndCopyInto(AbstractPipeline.java:472)
	at java.util.stream.FindOps$FindOp.evaluateSequential(FindOps.java:152)
	at java.util.stream.AbstractPipeline.evaluate(AbstractPipeline.java:234)
	at java.util.stream.ReferencePipeline.findFirst(ReferencePipeline.java:464)
	at org.openqa.selenium.remote.ProtocolHandshake.createSession(ProtocolHandshake.java:128)
	at org.openqa.selenium.remote.ProtocolHandshake.createSession(ProtocolHandshake.java:74)
	at org.openqa.selenium.remote.HttpCommandExecutor.execute(HttpCommandExecutor.java:136)
	at org.openqa.selenium.remote.service.DriverCommandExecutor.execute(DriverCommandExecutor.java:83)
	at org.openqa.selenium.remote.RemoteWebDriver.execute(RemoteWebDriver.java:552)
	at org.openqa.selenium.remote.RemoteWebDriver.startSession(RemoteWebDriver.java:213)
	at org.openqa.selenium.remote.RemoteWebDriver.&lt;init&gt;(RemoteWebDriver.java:131)
	at org.openqa.selenium.chrome.ChromeDriver.&lt;init&gt;(ChromeDriver.java:181)
	at org.openqa.selenium.chrome.ChromeDriver.&lt;init&gt;(ChromeDriver.java:168)
	at org.openqa.selenium.chrome.ChromeDriver.&lt;init&gt;(ChromeDriver.java:123)
	at toolsandutilities.Utilities.openUrl(Utilities.java:21)
	at test.TestLogIn.beforeMethod(TestLogIn.java:13)
</failure>
    <system-out>Configuring TestNG with: org.apache.maven.surefire.testng.conf.TestNG652Configurator@5679c6c6
</system-out>
    <system-err>Starting ChromeDriver 79.0.3945.16 (93fcc21110c10dbbd49bbff8f472335360e31d05-refs/branch-heads/3945@{#262}) on port 36160
Only local connections are allowed.
Please protect ports used by ChromeDriver and related test frameworks to prevent access by malicious code.
</system-err>
  </testcase>
  <testcase classname="test.TestLogIn" name="testLogInExit" time="0">
    <skipped/>
  </testcase>
  <testcase classname="test.TestLogIn" name="closeBrowser" time="0.001">
    <skipped/>
  </testcase>
</testsuite>